\BOOKMARK [1][-]{section.1}{\376\377\000\040\000C\000r\000i\000a\000n\000d\000o\000\040\000d\000a\000t\000a\000s\000\040\000c\000o\000m\000\040\000m\000o\000d\000u\000l\000o\000\040\000d\000a\000t\000e\000t\000i\000m\000e}{}% 1
\BOOKMARK [2][-]{subsection.1.1}{\376\377\000D\000a\000t\000a\000\040\000e\000\040\000h\000o\000r\000a\000\040\000a\000t\000u\000a\000l\000\040\000\050\000n\000o\000w\000\051\000,\000\040\000c\000o\000m\000\040\000U\000n\000i\000x\000\040\000T\000i\000m\000e\000s\000t\000a\000m\000p\000\040\000e\000\040\000T\000i\000m\000e\000z\000o\000n\000e\000\040\000d\000i\000f\000e\000r\000e\000n\000t\000e\000\040\000\050\000p\000y\000t\000z\000\051}{section.1}% 2
\BOOKMARK [2][-]{subsection.1.2}{\376\377\000d\000a\000t\000e\000t\000i\000m\000e\000.\000t\000i\000m\000e\000d\000e\000l\000t\000a\000\040\000e\000\040\000d\000a\000t\000e\000u\000t\000i\000l\000.\000r\000e\000l\000a\000t\000i\000v\000e\000t\000i\000m\000e\000d\000e\000l\000t\000a\000\040\000\050\000c\000a\000l\000c\000u\000l\000a\000n\000d\000o\000\040\000d\000a\000t\000a\000s\000\051}{section.1}% 3
\BOOKMARK [2][-]{subsection.1.3}{\376\377\000F\000o\000r\000m\000a\000t\000a\000n\000d\000o\000\040\000d\000a\000t\000a\000s\000\040\000d\000o\000\040\000d\000a\000t\000e\000t\000i\000m\000e\000\040\000c\000o\000m\000\040\000s\000t\000r\000f\000t\000i\000m\000e\000\040\000n\000o\000\040\000P\000y\000t\000h\000o\000n\000\040\000m\000a\000i\000n}{section.1}% 4
\BOOKMARK [1][-]{section.2}{\376\377\000U\000s\000a\000n\000d\000o\000\040\000c\000a\000l\000e\000n\000d\000a\000r\000\040\000p\000a\000r\000a\000\040\000c\000a\000l\000e\000n\000d\000\341\000r\000i\000o\000s\000\040\000e\000\040\000d\000a\000t\000a\000s}{}% 5
\BOOKMARK [1][-]{section.3}{\376\377\000l\000o\000c\000a\000l\000e\000\040\000p\000a\000r\000a\000\040\000i\000n\000t\000e\000r\000n\000a\000c\000i\000o\000n\000a\000l\000i\000z\000a\000\347\000\343\000o\000\040\000\050\000t\000r\000a\000d\000u\000\347\000\343\000o\000\051}{}% 6
\BOOKMARK [1][-]{section.4}{\376\377\000O\000\040\000m\000\363\000d\000u\000l\000o\000\040\000o\000s\000\040\000p\000a\000r\000a\000\040\000i\000n\000t\000e\000r\000a\000\347\000\343\000o\000\040\000c\000o\000m\000\040\000o\000\040\000s\000i\000s\000t\000e\000m\000a}{}% 7
\BOOKMARK [2][-]{subsection.4.1}{\376\377\000\040\000o\000s\000.\000p\000a\000t\000h\000\040\000t\000r\000a\000b\000a\000l\000h\000a\000\040\000c\000o\000m\000\040\000c\000a\000m\000i\000n\000h\000o\000s\000\040\000e\000m\000\040\000W\000i\000n\000d\000o\000w\000s\000,\000\040\000L\000i\000n\000u\000x\000\040\000e\000\040\000M\000a\000c}{section.4}% 8
\BOOKMARK [2][-]{subsection.4.2}{\376\377\000\040\000o\000s\000.\000l\000i\000s\000t\000d\000i\000r\000\040\000p\000a\000r\000a\000\040\000n\000a\000v\000e\000g\000a\000r\000\040\000e\000m\000\040\000c\000a\000m\000i\000n\000h\000o\000s}{section.4}% 9
\BOOKMARK [2][-]{subsection.4.3}{\376\377\000\040\000o\000s\000.\000w\000a\000l\000k\000\040\000p\000a\000r\000a\000\040\000n\000a\000v\000e\000g\000a\000r\000\040\000d\000e\000\040\000c\000a\000m\000i\000n\000h\000o\000s\000\040\000d\000e\000\040\000f\000o\000r\000m\000a\000\040\000r\000e\000c\000u\000r\000s\000i\000v\000a}{section.4}% 10
\BOOKMARK [2][-]{subsection.4.4}{\376\377\000\040\000o\000s\000.\000p\000a\000t\000h\000.\000g\000e\000t\000s\000i\000z\000e\000\040\000e\000\040\000o\000s\000.\000s\000t\000a\000t\000\040\000p\000a\000r\000a\000\040\000d\000a\000d\000o\000s\000\040\000d\000o\000s\000\040\000a\000r\000q\000u\000i\000v\000o\000s\000\040\000\050\000t\000a\000m\000a\000n\000h\000o\000\040\000e\000m\000\040\000b\000y\000t\000e\000s\000\051}{section.4}% 11
\BOOKMARK [2][-]{subsection.4.5}{\376\377\000\040\000o\000s\000\040\000+\000\040\000s\000h\000u\000t\000i\000l\000\040\000-\000\040\000C\000o\000p\000i\000a\000n\000d\000o\000\040\000a\000r\000q\000u\000i\000v\000o\000s\000\040\000c\000o\000m\000\040\000P\000y\000t\000h\000o\000n}{section.4}% 12
\BOOKMARK [2][-]{subsection.4.6}{\376\377\000\040\000o\000s\000\040\000+\000\040\000s\000h\000u\000t\000i\000l\000\040\000-\000\040\000A\000p\000a\000g\000a\000n\000d\000o\000,\000\040\000c\000o\000p\000i\000a\000n\000d\000o\000,\000\040\000m\000o\000v\000e\000n\000d\000o\000\040\000e\000\040\000r\000e\000n\000o\000m\000e\000a\000n\000d\000o\000\040\000p\000a\000s\000t\000a\000s\000\040\000c\000o\000m\000\040\000P\000y\000t\000h\000o\000n}{section.4}% 13
\BOOKMARK [1][-]{section.5}{\376\377\000J\000S\000O\000N}{}% 14
\BOOKMARK [2][-]{subsection.5.1}{\376\377\000j\000s\000o\000n\000.\000d\000u\000m\000p\000s\000\040\000e\000\040\000j\000s\000o\000n\000.\000l\000o\000a\000d\000s\000\040\000c\000o\000m\000\040\000s\000t\000r\000i\000n\000g\000s\000\040\000+\000\040\000t\000y\000p\000i\000n\000g\000.\000T\000y\000p\000e\000d\000D\000i\000c\000t}{section.5}% 15
\BOOKMARK [2][-]{subsection.5.2}{\376\377\000j\000s\000o\000n\000.\000d\000u\000m\000p\000\040\000e\000\040\000j\000s\000o\000n\000.\000l\000o\000a\000d\000\040\000c\000o\000m\000\040\000a\000r\000q\000u\000i\000v\000o\000s}{section.5}% 16
\BOOKMARK [1][-]{section.6}{\376\377\000C\000S\000V\000\040\000\050\000C\000o\000m\000m\000a\000\040\000S\000e\000p\000a\000r\000a\000t\000e\000d\000\040\000V\000a\000l\000u\000e\000s\000\040\000-\000\040\000V\000a\000l\000o\000r\000e\000s\000\040\000s\000e\000p\000a\000r\000a\000d\000o\000s\000\040\000p\000o\000r\000\040\000v\000\355\000r\000g\000u\000l\000a\000s\000\051\000\040\000m\000a\000i\000n}{}% 17
\BOOKMARK [2][-]{subsection.6.1}{\376\377\000c\000s\000v\000.\000r\000e\000a\000d\000e\000r\000\040\000e\000\040\000c\000s\000v\000.\000D\000i\000c\000t\000R\000e\000a\000d\000e\000r}{section.6}% 18
\BOOKMARK [2][-]{subsection.6.2}{\376\377\000c\000s\000v\000.\000w\000r\000i\000t\000e\000r\000\040\000e\000\040\000c\000s\000v\000.\000D\000i\000c\000t\000W\000r\000i\000t\000e\000r\000\040\000p\000a\000r\000a\000\040\000e\000s\000c\000r\000e\000v\000e\000r\000\040\000e\000m\000\040\000C\000S\000V}{section.6}% 19
\BOOKMARK [1][-]{section.7}{\376\377\000r\000a\000n\000d\000o\000m\000\040\000t\000e\000m\000\040\000g\000e\000r\000a\000d\000o\000r\000e\000s\000\040\000d\000e\000\040\000n\000\372\000m\000e\000r\000o\000s\000\040\000p\000s\000e\000u\000d\000o\000a\000l\000e\000a\000t\000\363\000r\000i\000o\000s}{}% 20
\BOOKMARK [2][-]{subsection.7.1}{\376\377\000p\000a\000r\000t\000\040\000I\000I}{section.7}% 21
\BOOKMARK [2][-]{subsection.7.2}{\376\377\000s\000e\000c\000r\000e\000t\000s\000\040\000g\000e\000r\000a\000\040\000n\000\372\000m\000e\000r\000o\000s\000\040\000a\000l\000e\000a\000t\000\363\000r\000i\000o\000s\000\040\000s\000e\000g\000u\000r\000o\000s}{section.7}% 22
\BOOKMARK [1][-]{section.8}{\376\377\000s\000t\000r\000i\000n\000g\000.\000T\000e\000m\000p\000l\000a\000t\000e\000\040\000p\000a\000r\000a\000\040\000s\000u\000b\000s\000t\000i\000t\000u\000i\000r\000\040\000v\000a\000r\000i\000\341\000v\000e\000i\000s\000\040\000e\000m\000\040\000t\000e\000x\000t\000o\000s}{}% 23
\BOOKMARK [1][-]{section.9}{\376\377\000\040\000V\000a\000r\000i\000\341\000v\000e\000i\000s\000\040\000d\000e\000\040\000a\000m\000b\000i\000e\000n\000t\000e\000\040\000c\000o\000m\000\040\000P\000y\000t\000h\000o\000n}{}% 24
\BOOKMARK [2][-]{subsection.9.1}{\376\377\000p\000a\000r\000t\000\040\000I\000I}{section.9}% 25
\BOOKMARK [2][-]{subsection.9.2}{\376\377\000V\000a\000r\000i\000\341\000v\000e\000i\000s\000\040\000d\000e\000\040\000a\000m\000b\000i\000e\000n\000t\000e\000\040\000c\000o\000m\000\040\000P\000y\000t\000h\000o\000n}{section.9}% 26
\BOOKMARK [1][-]{section.10}{\376\377\000E\000n\000v\000i\000a\000n\000d\000o\000\040\000E\000-\000m\000a\000i\000l\000s\000\040\000S\000M\000T\000P\000\040\000c\000o\000m\000\040\000P\000y\000t\000h\000o\000n}{}% 27
\BOOKMARK [1][-]{section.11}{\376\377\000\040\000Z\000I\000P\000\040\000-\000\040\000C\000o\000m\000p\000a\000c\000t\000a\000n\000d\000o\000\040\000/\000\040\000D\000e\000s\000c\000o\000m\000p\000a\000c\000t\000a\000n\000d\000o\000\040\000a\000r\000q\000u\000i\000v\000o\000s\000\040\000c\000o\000m\000\040\000z\000i\000p\000f\000i\000l\000e\000.\000Z\000i\000p\000F\000i\000l\000e}{}% 28
\BOOKMARK [2][-]{subsection.11.1}{\376\377\000Z\000I\000P\000\040\000-\000\040\000C\000o\000m\000p\000a\000c\000t\000a\000n\000d\000o\000\040\000/\000\040\000D\000e\000s\000c\000o\000m\000p\000a\000c\000t\000a\000n\000d\000o\000\040\000a\000r\000q\000u\000i\000v\000o\000s\000\040\000c\000o\000m\000\040\000z\000i\000p\000f\000i\000l\000e\000.\000Z\000i\000p\000F\000i\000l\000e}{section.11}% 29
\BOOKMARK [1][-]{section.12}{\376\377\000s\000y\000s\000.\000a\000r\000g\000v\000\040\000-\000\040\000E\000x\000e\000c\000u\000t\000a\000n\000d\000o\000\040\000a\000r\000q\000u\000i\000v\000o\000s\000\040\000c\000o\000m\000\040\000a\000r\000g\000u\000m\000e\000n\000t\000o\000s\000\040\000n\000o\000\040\000s\000i\000s\000t\000e\000m\000a}{}% 30
\BOOKMARK [1][-]{section.13}{\376\377\000a\000r\000g\000p\000a\000r\000s\000e\000.\000A\000r\000g\000u\000m\000e\000n\000t\000P\000a\000r\000s\000e\000r\000\040\000p\000a\000r\000a\000\040\000a\000r\000g\000u\000m\000e\000n\000t\000o\000s\000\040\000m\000a\000i\000s\000\040\000c\000o\000m\000p\000l\000e\000x\000o\000s}{}% 31
\BOOKMARK [1][-]{section.14}{\376\377\000\040\000B\000\341\000s\000i\000c\000o\000\040\000d\000o\000\040\000p\000r\000o\000t\000o\000c\000o\000l\000o\000\040\000H\000T\000T\000P\000\040\000\050\000H\000y\000p\000e\000r\000T\000e\000x\000t\000\040\000T\000r\000a\000n\000s\000f\000e\000r\000\040\000P\000r\000o\000t\000o\000c\000o\000l\000\051}{}% 32
\BOOKMARK [1][-]{section.15}{\376\377\000r\000e\000q\000u\000e\000s\000t\000s\000\040\000p\000a\000r\000a\000\040\000r\000e\000q\000u\000i\000s\000i\000\347\000\365\000e\000s\000\040\000H\000T\000T\000P\000\040\000c\000o\000m\000\040\000P\000y\000t\000h\000o\000n\000\040\000\050\000e\000n\000t\000e\000n\000d\000a\000\040\000r\000e\000q\000u\000e\000s\000t\000\040\000e\000\040\000r\000e\000s\000p\000o\000n\000s\000e\000\051}{}% 33
\BOOKMARK [1][-]{section.16}{\376\377\000W\000e\000b\000\040\000S\000c\000r\000a\000p\000i\000n\000g\000\040\000c\000o\000m\000\040\000P\000y\000t\000h\000o\000n\000\040\000u\000s\000a\000n\000d\000o\000\040\000r\000e\000q\000u\000e\000s\000t\000s\000\040\000e\000\040\000b\000s\0004\000\040\000B\000e\000a\000u\000t\000i\000f\000u\000l\000S\000o\000u\000p}{}% 34
\BOOKMARK [2][-]{subsection.16.1}{\376\377\000W\000e\000b\000\040\000S\000c\000r\000a\000p\000i\000n\000g\000\040\000c\000o\000m\000\040\000P\000y\000t\000h\000o\000n\000\040\000u\000s\000a\000n\000d\000o\000\040\000r\000e\000q\000u\000e\000s\000t\000s\000\040\000e\000\040\000b\000s\0004\000\040\000B\000e\000a\000u\000t\000i\000f\000u\000l\000S\000o\000u\000p}{section.16}% 35
\BOOKMARK [1][-]{section.17}{\376\377\000A\000d\000i\000c\000i\000o\000n\000a\000n\000d\000o\000\040\000"\000e\000n\000c\000o\000d\000i\000n\000g\000"\000\040\000n\000o\000\040\000B\000e\000a\000u\000t\000i\000f\000u\000l\000S\000o\000u\000p\000\040\0004\000\040\000p\000a\000r\000a\000\040\000e\000v\000i\000t\000a\000r\000\040\000p\000r\000o\000b\000l\000e\000m\000a\000s\000\040}{}% 36
\BOOKMARK [1][-]{section.18}{\376\377\000S\000e\000l\000e\000n\000i\000u\000m\000\040\000A\000u\000t\000o\000m\000a\000t\000i\000z\000a\000n\000d\000o\000\040\000t\000a\000r\000e\000f\000a\000s\000\040\000n\000o\000\040\000n\000a\000v\000e\000g\000a\000d\000o\000r}{}% 37
\BOOKMARK [2][-]{subsection.18.1}{\376\377\000S\000e\000l\000e\000n\000i\000u\000m\000\040\000S\000e\000l\000e\000c\000i\000o\000n\000a\000n\000d\000o\000\040\000e\000l\000e\000m\000e\000n\000t\000o\000s\000\040\000c\000o\000m\000\040\000B\000y\000,\000\040\000e\000x\000p\000e\000c\000t\000e\000d\000\040\000c\000o\000n\000d\000i\000t\000i\000o\000n\000s\000\040\000e\000\040\000W\000e\000b\000D\000r\000i\000v\000e\000r}{section.18}% 38
\BOOKMARK [2][-]{subsection.18.2}{\376\377\000S\000e\000l\000e\000n\000i\000u\000m\000\040\000-\000\040\000E\000n\000v\000i\000a\000n\000d\000o\000\040\000t\000e\000c\000l\000a\000s\000\040\000c\000o\000m\000\040\000a\000\040\000c\000l\000a\000s\000s\000e\000\040\000K\000e\000y\000s}{section.18}% 39
\BOOKMARK [2][-]{subsection.18.3}{\376\377\000S\000e\000l\000e\000n\000i\000u\000m\000\040\000f\000i\000n\000d\000\040\000e\000l\000e\000m\000e\000n\000t\000\040\000e\000\040\000f\000i\000n\000d\000\040\000e\000l\000e\000m\000e\000n\000t\000s\000\040\000B\000y}{section.18}% 40
\BOOKMARK [1][-]{section.19}{\376\377\000\040\000U\000s\000a\000n\000d\000o\000\040\000s\000u\000b\000p\000r\000o\000c\000e\000s\000s\000\040\000p\000a\000r\000a\000\040\000e\000x\000e\000c\000u\000t\000a\000r\000\040\000e\000\040\000c\000o\000m\000a\000n\000d\000o\000s\000\040\000e\000x\000t\000e\000r\000n\000o\000s}{}% 41
\BOOKMARK [2][-]{subsection.19.1}{\376\377\000I\000m\000p\000l\000e\000m\000e\000n\000t\000a\000\347\000\343\000o}{section.19}% 42
\BOOKMARK [1][-]{section.20}{\376\377\000J\000u\000p\000y\000t\000e\000r\000\040\000N\000o\000t\000e\000b\000o\000o\000k\000\040}{}% 43
\BOOKMARK [2][-]{subsection.20.1}{\376\377\000I\000n\000s\000t\000a\000l\000a\000\347\000\343\000o\000\040\000e\000\040\000t\000e\000s\000t\000e}{section.20}% 44
\BOOKMARK [1][-]{section.21}{\376\377\000\050\000P\000a\000r\000t\000e\000\040\0001\000\051\000\040\000T\000h\000r\000e\000a\000d\000s\000\040\000-\000\040\000E\000x\000e\000c\000u\000t\000a\000n\000d\000o\000\040\000p\000r\000o\000c\000e\000s\000s\000a\000m\000e\000n\000t\000o\000s\000\040\000e\000m\000\040\000p\000a\000r\000a\000l\000e\000l\000o}{}% 45
\BOOKMARK [1][-]{section.22}{\376\377\000P\000a\000r\000t\000\040\000I\000I}{}% 46
\BOOKMARK [1][-]{section.23}{\376\377\000p\000a\000r\000t\000\040\000I\000I\000I}{}% 47
\BOOKMARK [1][-]{section.24}{\376\377\000P\000y\000P\000D\000F\0002\000\040\000p\000a\000r\000a\000\040\000m\000a\000n\000i\000p\000u\000l\000a\000r\000\040\000a\000r\000q\000u\000i\000v\000o\000s\000\040\000P\000D\000F\000\040}{}% 48
\BOOKMARK [2][-]{subsection.24.1}{\376\377\000i\000n\000s\000t\000a\000l\000a\000\347\000\343\000o}{section.24}% 49
\BOOKMARK [2][-]{subsection.24.2}{\376\377\000P\000d\000f\000R\000e\000a\000d\000e\000r}{section.24}% 50
\BOOKMARK [2][-]{subsection.24.3}{\376\377\000P\000d\000f\000W\000r\000i\000t\000e\000r}{section.24}% 51
\BOOKMARK [2][-]{subsection.24.4}{\376\377\000P\000d\000f\000M\000e\000r\000g\000e\000r}{section.24}% 52
\BOOKMARK [1][-]{section.25}{\376\377\000D\000e\000q\000u\000e\000\040\000-\000\040\000T\000r\000a\000b\000a\000l\000h\000a\000n\000d\000o\000\040\000c\000o\000m\000\040\000L\000I\000F\000O\000\040\000e\000\040\000F\000I\000F\000O}{}% 53
\BOOKMARK [1][-]{section.26}{\376\377\000R\000e\000m\000o\000v\000e\000r\000\040\000r\000e\000g\000r\000a\000s\000\040\000d\000e\000\040\000t\000i\000p\000o\000s\000\040\000U\000n\000k\000n\000o\000w\000n\000\040\000d\000o\000\040\000l\000i\000n\000t\000e\000r\000\040\000d\000o\000\040\000V\000S\000\040\000C\000o\000d\000e}{}% 54
\BOOKMARK [1][-]{section.27}{\376\377\000o\000p\000e\000n\000p\000y\000x\000l\000\040\000p\000a\000r\000a\000\040\000a\000r\000q\000u\000i\000v\000o\000s\000\040\000E\000x\000c\000e\000l\000\040\000x\000l\000s\000x\000,\000\040\000x\000l\000s\000m\000,\000\040\000x\000l\000t\000x\000\040\000e\000\040\000x\000l\000t\000m}{}% 55
\BOOKMARK [2][-]{subsection.27.1}{\376\377\000i\000n\000s\000t\000a\000l\000a\000\347\000\343\000o}{section.27}% 56
\BOOKMARK [2][-]{subsection.27.2}{\376\377\000c\000r\000i\000a\000n\000d\000o\000\040\000u\000m\000a\000\040\000p\000l\000a\000n\000i\000l\000h\000a\000\040\000d\000o\000\040\000E\000x\000c\000e\000l\000\040\000\050\000W\000o\000r\000k\000b\000o\000o\000k\000\040\000e\000\040\000W\000o\000r\000k\000s\000h\000e\000e\000t\000\051}{section.27}% 57
\BOOKMARK [2][-]{subsection.27.3}{\376\377\000m\000a\000n\000i\000p\000u\000l\000a\000n\000d\000o\000\040\000a\000s\000\040\000p\000l\000a\000n\000i\000l\000h\000a\000s\000\040\000d\000o\000\040\000W\000o\000r\000k\000b\000o\000o\000k}{section.27}% 58
\BOOKMARK [2][-]{subsection.27.4}{\376\377\000l\000e\000r\000\040\000e\000\040\000a\000l\000t\000e\000r\000a\000r\000\040\000d\000a\000d\000o\000s\000\040\000d\000e\000\040\000u\000m\000a\000\040\000p\000l\000a\000n\000i\000l\000h\000a}{section.27}% 59
\BOOKMARK [1][-]{section.28}{\376\377\000P\000i\000l\000l\000o\000w\000:\000\040\000r\000e\000d\000i\000m\000e\000n\000s\000i\000o\000n\000a\000n\000d\000o\000\040\000i\000m\000a\000g\000e\000n\000s\000\040\000c\000o\000m\000\040\000P\000y\000t\000h\000o\000n}{}% 60
